
>  NX  Running 'yarn' to make sure necessary packages are installed

yarn install v1.22.10
[1/4] Resolving packages...
success Already up-to-date.
$ ngcc --properties es2015 browser module main --first-only --create-ivy-entry-points && node ./decorate-angular-cli.js

>  NX  Angular CLI has been decorated to enable computation caching.

Done in 3.22s.

>  NX  Running migrations from 'migrations.json'

Running migration update-ngcc-postinstall
Successfully finished update-ngcc-postinstall
---------------------------------------------------------
Running migration use-react-jsx-in-tsconfig-12.0.0
Successfully finished use-react-jsx-in-tsconfig-12.0.0
---------------------------------------------------------
Running migration update-emotion-setup-12.0.0
Successfully finished update-emotion-setup-12.0.0
---------------------------------------------------------
Running migration remove-react-redux-types-package-12.0.0
Successfully finished remove-react-redux-types-package-12.0.0
---------------------------------------------------------

>  NX  Successfully finished running migrations from 'migrations.json'

