
>  NX  Running 'yarn' to make sure necessary packages are installed

yarn install v1.22.10
[1/4] Resolving packages...
success Already up-to-date.
$ ngcc --properties es2015 browser module main --first-only --create-ivy-entry-points && node ./decorate-angular-cli.js

>  NX  Angular CLI has been decorated to enable computation caching.

Done in 3.63s.

>  NX  Running migrations from 'migrations.json'

Running migration always-use-project-level-tsconfigs-with-eslint
Successfully finished always-use-project-level-tsconfigs-with-eslint
---------------------------------------------------------
Running migration update-root-babel-config-11-5-2
Successfully finished update-root-babel-config-11-5-2
---------------------------------------------------------
Running migration create-babelrc-for-workspace-libs-11-5-2
Successfully finished create-babelrc-for-workspace-libs-11-5-2
---------------------------------------------------------
Running migration update-existing-babelrc-files-11-5-2
Successfully finished update-existing-babelrc-files-11-5-2
---------------------------------------------------------

>  NX  Successfully finished running migrations from 'migrations.json'

